0 verbose cli /data/data/com.termux/files/usr/bin/node /data/data/com.termux/files/usr/bin/npm
1 info using npm@8.19.2
2 info using node@v18.10.0
3 timing npm:load:whichnode Completed in 0ms
4 timing config:load:defaults Completed in 7ms
5 timing config:load:file:/data/data/com.termux/files/usr/lib/node_modules/npm/npmrc Completed in 4ms
6 timing config:load:builtin Completed in 5ms
7 timing config:load:cli Completed in 7ms
8 timing config:load:env Completed in 2ms
9 timing config:load:file:/.npmrc Completed in 0ms
10 timing config:load:project Completed in 3ms
11 timing config:load:file:/data/data/com.termux/files/home/.npmrc Completed in 0ms
12 timing config:load:user Completed in 1ms
13 timing config:load:file:/data/data/com.termux/files/usr/etc/npmrc Completed in 0ms
14 timing config:load:global Completed in 0ms
15 timing config:load:validate Completed in 1ms
16 timing config:load:credentials Completed in 10ms
17 timing config:load:setEnvs Completed in 4ms
18 timing config:load Completed in 41ms
19 timing npm:load:configload Completed in 41ms
20 timing npm:load:mkdirpcache Completed in 3ms
21 timing npm:load:mkdirplogs Completed in 1ms
22 verbose title npm config set foreground-scripts true
23 verbose argv "config" "set" "foreground-scripts" "true"
24 timing npm:load:setTitle Completed in 5ms
25 timing config:load:flatten Completed in 12ms
26 timing npm:load:display Completed in 18ms
27 verbose logfile logs-max:10 dir:/data/data/com.termux/files/home/.npm/_logs
28 verbose logfile /data/data/com.termux/files/home/.npm/_logs/2022-10-26T09_11_31_021Z-debug-0.log
29 timing npm:load:logFile Completed in 21ms
30 timing npm:load:timers Completed in 0ms
31 timing npm:load:configScope Completed in 1ms
32 timing npm:load Completed in 96ms
33 info config set "foreground-scripts" "true"
34 silly logfile done cleaning log files
35 timing config:load:flatten Completed in 3ms
36 timing command:config Completed in 192ms
37 verbose exit 0
38 timing npm Completed in 320ms
39 info ok
